<?xml version="1.0" encoding="UTF-8"?>
<coverage generated="1778064932740" clover="3.2.0">
  <project timestamp="1778064932740" name="All files">
    <metrics statements="69" coveredstatements="56" conditionals="32" coveredconditionals="22" methods="14" coveredmethods="13" elements="115" coveredelements="91" complexity="0" loc="69" ncloc="69" packages="5" files="10" classes="10"/>
    <package name="src">
      <metrics statements="7" coveredstatements="7" conditionals="2" coveredconditionals="2" methods="2" coveredmethods="2"/>
      <file name="app.ts" path="/home/alumnos.ull.es/d9/alu0101637051/ULL-DSI-prct12-apiRest/src/app.ts">
        <metrics statements="3" coveredstatements="3" conditionals="0" coveredconditionals="0" methods="0" coveredmethods="0"/>
        <line num="5" count="1" type="stmt"/>
        <line num="7" count="1" type="stmt"/>
        <line num="8" count="1" type="stmt"/>
      </file>
      <file name="index.ts" path="/home/alumnos.ull.es/d9/alu0101637051/ULL-DSI-prct12-apiRest/src/index.ts">
        <metrics statements="4" coveredstatements="4" conditionals="2" coveredconditionals="2" methods="2" coveredmethods="2"/>
        <line num="14" count="3" type="stmt"/>
        <line num="15" count="3" type="cond" truecount="2" falsecount="0"/>
        <line num="16" count="2" type="stmt"/>
        <line num="18" count="3" type="stmt"/>
      </file>
    </package>
    <package name="src.EJERCICIO-PE.db">
      <metrics statements="3" coveredstatements="2" conditionals="0" coveredconditionals="0" methods="2" coveredmethods="1"/>
      <file name="mongoose.ts" path="/home/alumnos.ull.es/d9/alu0101637051/ULL-DSI-prct12-apiRest/src/EJERCICIO-PE/db/mongoose.ts">
        <metrics statements="3" coveredstatements="2" conditionals="0" coveredconditionals="0" methods="2" coveredmethods="1"/>
        <line num="3" count="1" type="stmt"/>
        <line num="4" count="1" type="stmt"/>
        <line num="6" count="0" type="stmt"/>
      </file>
    </package>
    <package name="src.EJERCICIO-PE.functions">
      <metrics statements="41" coveredstatements="34" conditionals="18" coveredconditionals="13" methods="5" coveredmethods="5"/>
      <file name="createGame.ts" path="/home/alumnos.ull.es/d9/alu0101637051/ULL-DSI-prct12-apiRest/src/EJERCICIO-PE/functions/createGame.ts">
        <metrics statements="5" coveredstatements="4" conditionals="0" coveredconditionals="0" methods="1" coveredmethods="1"/>
        <line num="11" count="1" type="stmt"/>
        <line num="12" count="1" type="stmt"/>
        <line num="13" count="1" type="stmt"/>
        <line num="14" count="1" type="stmt"/>
        <line num="16" count="0" type="stmt"/>
      </file>
      <file name="deleteGame.ts" path="/home/alumnos.ull.es/d9/alu0101637051/ULL-DSI-prct12-apiRest/src/EJERCICIO-PE/functions/deleteGame.ts">
        <metrics statements="7" coveredstatements="6" conditionals="2" coveredconditionals="2" methods="1" coveredmethods="1"/>
        <line num="11" count="2" type="stmt"/>
        <line num="12" count="2" type="stmt"/>
        <line num="13" count="2" type="stmt"/>
        <line num="14" count="2" type="cond" truecount="2" falsecount="0"/>
        <line num="15" count="1" type="stmt"/>
        <line num="18" count="1" type="stmt"/>
        <line num="22" count="0" type="stmt"/>
      </file>
      <file name="getGameById.ts" path="/home/alumnos.ull.es/d9/alu0101637051/ULL-DSI-prct12-apiRest/src/EJERCICIO-PE/functions/getGameById.ts">
        <metrics statements="7" coveredstatements="6" conditionals="2" coveredconditionals="2" methods="1" coveredmethods="1"/>
        <line num="11" count="2" type="stmt"/>
        <line num="12" count="2" type="stmt"/>
        <line num="13" count="2" type="stmt"/>
        <line num="14" count="2" type="cond" truecount="2" falsecount="0"/>
        <line num="15" count="1" type="stmt"/>
        <line num="18" count="1" type="stmt"/>
        <line num="21" count="0" type="stmt"/>
      </file>
      <file name="getgames.ts" path="/home/alumnos.ull.es/d9/alu0101637051/ULL-DSI-prct12-apiRest/src/EJERCICIO-PE/functions/getgames.ts">
        <metrics statements="13" coveredstatements="11" conditionals="10" coveredconditionals="7" methods="1" coveredmethods="1"/>
        <line num="13" count="2" type="stmt"/>
        <line num="14" count="2" type="stmt"/>
        <line num="16" count="2" type="stmt"/>
        <line num="18" count="2" type="cond" truecount="1" falsecount="1"/>
        <line num="19" count="2" type="cond" truecount="1" falsecount="1"/>
        <line num="20" count="2" type="cond" truecount="2" falsecount="0"/>
        <line num="22" count="2" type="cond" truecount="2" falsecount="0"/>
        <line num="23" count="1" type="stmt"/>
        <line num="26" count="1" type="stmt"/>
        <line num="27" count="1" type="cond" truecount="1" falsecount="1"/>
        <line num="28" count="0" type="stmt"/>
        <line num="31" count="1" type="stmt"/>
        <line num="34" count="0" type="stmt"/>
      </file>
      <file name="updateGame.ts" path="/home/alumnos.ull.es/d9/alu0101637051/ULL-DSI-prct12-apiRest/src/EJERCICIO-PE/functions/updateGame.ts">
        <metrics statements="9" coveredstatements="7" conditionals="4" coveredconditionals="2" methods="1" coveredmethods="1"/>
        <line num="6" count="2" type="stmt"/>
        <line num="7" count="2" type="stmt"/>
        <line num="8" count="1" type="cond" truecount="1" falsecount="1"/>
        <line num="9" count="0" type="stmt"/>
        <line num="12" count="1" type="stmt"/>
        <line num="13" count="1" type="cond" truecount="1" falsecount="1"/>
        <line num="14" count="0" type="stmt"/>
        <line num="17" count="1" type="stmt"/>
        <line num="23" count="1" type="stmt"/>
      </file>
    </package>
    <package name="src.EJERCICIO-PE.models">
      <metrics statements="12" coveredstatements="7" conditionals="12" coveredconditionals="7" methods="5" coveredmethods="5"/>
      <file name="game_model.ts" path="/home/alumnos.ull.es/d9/alu0101637051/ULL-DSI-prct12-apiRest/src/EJERCICIO-PE/models/game_model.ts">
        <metrics statements="12" coveredstatements="7" conditionals="12" coveredconditionals="7" methods="5" coveredmethods="5"/>
        <line num="20" count="1" type="stmt"/>
        <line num="39" count="11" type="cond" truecount="1" falsecount="1"/>
        <line num="40" count="0" type="stmt"/>
        <line num="49" count="11" type="cond" truecount="1" falsecount="1"/>
        <line num="50" count="0" type="stmt"/>
        <line num="62" count="11" type="cond" truecount="1" falsecount="1"/>
        <line num="63" count="0" type="stmt"/>
        <line num="70" count="11" type="cond" truecount="3" falsecount="1"/>
        <line num="71" count="0" type="stmt"/>
        <line num="87" count="10" type="cond" truecount="1" falsecount="1"/>
        <line num="88" count="0" type="stmt"/>
        <line num="95" count="1" type="stmt"/>
      </file>
    </package>
    <package name="src.EJERCICIO-PE.routes">
      <metrics statements="6" coveredstatements="6" conditionals="0" coveredconditionals="0" methods="0" coveredmethods="0"/>
      <file name="gameRoute.ts" path="/home/alumnos.ull.es/d9/alu0101637051/ULL-DSI-prct12-apiRest/src/EJERCICIO-PE/routes/gameRoute.ts">
        <metrics statements="6" coveredstatements="6" conditionals="0" coveredconditionals="0" methods="0" coveredmethods="0"/>
        <line num="9" count="1" type="stmt"/>
        <line num="11" count="1" type="stmt"/>
        <line num="13" count="1" type="stmt"/>
        <line num="15" count="1" type="stmt"/>
        <line num="17" count="1" type="stmt"/>
        <line num="19" count="1" type="stmt"/>
      </file>
    </package>
  </project>
</coverage>
