{"/home/sofia/Escritorio/PRACTICAS-DSI/ULL-DSI-prct11-mongoose/src/index.ts": {"path":"/home/sofia/Escritorio/PRACTICAS-DSI/ULL-DSI-prct11-mongoose/src/index.ts","statementMap":{"0":{"start":{"line":14,"column":15},"end":{"line":14,"column":null}},"1":{"start":{"line":15,"column":2},"end":{"line":17,"column":null}},"2":{"start":{"line":16,"column":4},"end":{"line":16,"column":null}},"3":{"start":{"line":16,"column":57},"end":{"line":16,"column":71}},"4":{"start":{"line":18,"column":2},"end":{"line":18,"column":null}}},"fnMap":{"0":{"name":"add","decl":{"start":{"line":13,"column":16},"end":{"line":13,"column":20}},"loc":{"start":{"line":13,"column":94},"end":{"line":19,"column":null}},"line":13},"1":{"name":"(anonymous_1)","decl":{"start":{"line":16,"column":38},"end":{"line":16,"column":39}},"loc":{"start":{"line":16,"column":57},"end":{"line":16,"column":71}},"line":16}},"branchMap":{"0":{"loc":{"start":{"line":15,"column":2},"end":{"line":17,"column":null}},"type":"if","locations":[{"start":{"line":15,"column":2},"end":{"line":17,"column":null}},{"start":{},"end":{}}],"line":15}},"s":{"0":3,"1":3,"2":1,"3":2,"4":3},"f":{"0":3,"1":2},"b":{"0":[1,2]},"meta":{"lastBranch":1,"lastFunction":2,"lastStatement":5,"seen":{"f:13:16:13:20":0,"s:14:15:14:Infinity":0,"b:15:2:17:Infinity:undefined:undefined:undefined:undefined":0,"s:15:2:17:Infinity":1,"s:16:4:16:Infinity":2,"f:16:38:16:39":1,"s:16:57:16:71":3,"s:18:2:18:Infinity":4}}}
,"/home/sofia/Escritorio/PRACTICAS-DSI/ULL-DSI-prct11-mongoose/src/EJERCICIO1/app.ts": {"path":"/home/sofia/Escritorio/PRACTICAS-DSI/ULL-DSI-prct11-mongoose/src/EJERCICIO1/app.ts","statementMap":{"0":{"start":{"line":6,"column":13},"end":{"line":6,"column":null}},"1":{"start":{"line":7,"column":0},"end":{"line":7,"column":null}},"2":{"start":{"line":8,"column":0},"end":{"line":8,"column":null}},"3":{"start":{"line":9,"column":0},"end":{"line":9,"column":null}}},"fnMap":{},"branchMap":{},"s":{"0":1,"1":1,"2":1,"3":1},"f":{},"b":{},"meta":{"lastBranch":0,"lastFunction":0,"lastStatement":4,"seen":{"s:6:13:6:Infinity":0,"s:7:0:7:Infinity":1,"s:8:0:8:Infinity":2,"s:9:0:9:Infinity":3}}}
,"/home/sofia/Escritorio/PRACTICAS-DSI/ULL-DSI-prct11-mongoose/src/EJERCICIO1/index.ts": {"path":"/home/sofia/Escritorio/PRACTICAS-DSI/ULL-DSI-prct11-mongoose/src/EJERCICIO1/index.ts","statementMap":{"0":{"start":{"line":3,"column":13},"end":{"line":3,"column":null}},"1":{"start":{"line":5,"column":0},"end":{"line":7,"column":null}},"2":{"start":{"line":6,"column":2},"end":{"line":6,"column":null}}},"fnMap":{"0":{"name":"(anonymous_0)","decl":{"start":{"line":5,"column":17},"end":{"line":5,"column":23}},"loc":{"start":{"line":5,"column":23},"end":{"line":7,"column":1}},"line":5}},"branchMap":{"0":{"loc":{"start":{"line":3,"column":13},"end":{"line":3,"column":null}},"type":"binary-expr","locations":[{"start":{"line":3,"column":13},"end":{"line":3,"column":33}},{"start":{"line":3,"column":33},"end":{"line":3,"column":null}}],"line":3}},"s":{"0":0,"1":0,"2":0},"f":{"0":0},"b":{"0":[0,0]},"meta":{"lastBranch":1,"lastFunction":1,"lastStatement":3,"seen":{"s:3:13:3:Infinity":0,"b:3:13:3:33:3:33:3:Infinity":0,"s:5:0:7:Infinity":1,"f:5:17:5:23":0,"s:6:2:6:Infinity":2}}}
,"/home/sofia/Escritorio/PRACTICAS-DSI/ULL-DSI-prct11-mongoose/src/EJERCICIO1/db/mongoose.ts": {"path":"/home/sofia/Escritorio/PRACTICAS-DSI/ULL-DSI-prct11-mongoose/src/EJERCICIO1/db/mongoose.ts","statementMap":{"0":{"start":{"line":3,"column":0},"end":{"line":7,"column":null}},"1":{"start":{"line":4,"column":2},"end":{"line":4,"column":null}},"2":{"start":{"line":6,"column":2},"end":{"line":6,"column":null}}},"fnMap":{"0":{"name":"(anonymous_0)","decl":{"start":{"line":3,"column":54},"end":{"line":3,"column":60}},"loc":{"start":{"line":3,"column":60},"end":{"line":5,"column":1}},"line":3},"1":{"name":"(anonymous_1)","decl":{"start":{"line":5,"column":9},"end":{"line":5,"column":15}},"loc":{"start":{"line":5,"column":15},"end":{"line":7,"column":1}},"line":5}},"branchMap":{},"s":{"0":1,"1":1,"2":0},"f":{"0":1,"1":0},"b":{},"meta":{"lastBranch":0,"lastFunction":2,"lastStatement":3,"seen":{"s:3:0:7:Infinity":0,"f:3:54:3:60":0,"s:4:2:4:Infinity":1,"f:5:9:5:15":1,"s:6:2:6:Infinity":2}}}
,"/home/sofia/Escritorio/PRACTICAS-DSI/ULL-DSI-prct11-mongoose/src/EJERCICIO1/models/book_model.ts": {"path":"/home/sofia/Escritorio/PRACTICAS-DSI/ULL-DSI-prct11-mongoose/src/EJERCICIO1/models/book_model.ts","statementMap":{"0":{"start":{"line":27,"column":19},"end":{"line":79,"column":null}},"1":{"start":{"line":44,"column":12},"end":{"line":46,"column":null}},"2":{"start":{"line":45,"column":16},"end":{"line":45,"column":null}},"3":{"start":{"line":54,"column":42},"end":{"line":54,"column":null}},"4":{"start":{"line":61,"column":12},"end":{"line":63,"column":null}},"5":{"start":{"line":62,"column":16},"end":{"line":62,"column":null}},"6":{"start":{"line":74,"column":12},"end":{"line":76,"column":null}},"7":{"start":{"line":75,"column":16},"end":{"line":75,"column":null}},"8":{"start":{"line":82,"column":13},"end":{"line":82,"column":null}}},"fnMap":{"0":{"name":"(anonymous_0)","decl":{"start":{"line":43,"column":18},"end":{"line":43,"column":19}},"loc":{"start":{"line":43,"column":37},"end":{"line":47,"column":null}},"line":43},"1":{"name":"(anonymous_1)","decl":{"start":{"line":54,"column":23},"end":{"line":54,"column":24}},"loc":{"start":{"line":54,"column":42},"end":{"line":54,"column":null}},"line":54},"2":{"name":"(anonymous_2)","decl":{"start":{"line":60,"column":18},"end":{"line":60,"column":19}},"loc":{"start":{"line":60,"column":37},"end":{"line":64,"column":null}},"line":60},"3":{"name":"(anonymous_3)","decl":{"start":{"line":73,"column":18},"end":{"line":73,"column":19}},"loc":{"start":{"line":73,"column":37},"end":{"line":77,"column":null}},"line":73}},"branchMap":{"0":{"loc":{"start":{"line":44,"column":12},"end":{"line":46,"column":null}},"type":"if","locations":[{"start":{"line":44,"column":12},"end":{"line":46,"column":null}},{"start":{},"end":{}}],"line":44},"1":{"loc":{"start":{"line":44,"column":16},"end":{"line":44,"column":66}},"type":"binary-expr","locations":[{"start":{"line":44,"column":16},"end":{"line":44,"column":32}},{"start":{"line":44,"column":32},"end":{"line":44,"column":66}}],"line":44},"2":{"loc":{"start":{"line":61,"column":12},"end":{"line":63,"column":null}},"type":"if","locations":[{"start":{"line":61,"column":12},"end":{"line":63,"column":null}},{"start":{},"end":{}}],"line":61},"3":{"loc":{"start":{"line":74,"column":12},"end":{"line":76,"column":null}},"type":"if","locations":[{"start":{"line":74,"column":12},"end":{"line":76,"column":null}},{"start":{},"end":{}}],"line":74},"4":{"loc":{"start":{"line":74,"column":16},"end":{"line":74,"column":40}},"type":"binary-expr","locations":[{"start":{"line":74,"column":16},"end":{"line":74,"column":29}},{"start":{"line":74,"column":29},"end":{"line":74,"column":40}}],"line":74}},"s":{"0":1,"1":32,"2":2,"3":32,"4":32,"5":2,"6":33,"7":2,"8":1},"f":{"0":32,"1":32,"2":32,"3":33},"b":{"0":[2,30],"1":[32,30],"2":[2,30],"3":[2,31],"4":[33,33]},"meta":{"lastBranch":5,"lastFunction":4,"lastStatement":9,"seen":{"s:27:19:79:Infinity":0,"f:43:18:43:19":0,"b:44:12:46:Infinity:undefined:undefined:undefined:undefined":0,"s:44:12:46:Infinity":1,"b:44:16:44:32:44:32:44:66":1,"s:45:16:45:Infinity":2,"f:54:23:54:24":1,"s:54:42:54:Infinity":3,"f:60:18:60:19":2,"b:61:12:63:Infinity:undefined:undefined:undefined:undefined":2,"s:61:12:63:Infinity":4,"s:62:16:62:Infinity":5,"f:73:18:73:19":3,"b:74:12:76:Infinity:undefined:undefined:undefined:undefined":3,"s:74:12:76:Infinity":6,"b:74:16:74:29:74:29:74:40":4,"s:75:16:75:Infinity":7,"s:82:13:82:Infinity":8}}}
,"/home/sofia/Escritorio/PRACTICAS-DSI/ULL-DSI-prct11-mongoose/src/EJERCICIO1/routes/book_route.ts": {"path":"/home/sofia/Escritorio/PRACTICAS-DSI/ULL-DSI-prct11-mongoose/src/EJERCICIO1/routes/book_route.ts","statementMap":{"0":{"start":{"line":6,"column":26},"end":{"line":6,"column":null}},"1":{"start":{"line":15,"column":0},"end":{"line":31,"column":null}},"2":{"start":{"line":16,"column":17},"end":{"line":16,"column":null}},"3":{"start":{"line":18,"column":4},"end":{"line":30,"column":null}},"4":{"start":{"line":19,"column":8},"end":{"line":21,"column":null}},"5":{"start":{"line":20,"column":12},"end":{"line":20,"column":null}},"6":{"start":{"line":22,"column":8},"end":{"line":26,"column":null}},"7":{"start":{"line":23,"column":12},"end":{"line":23,"column":null}},"8":{"start":{"line":25,"column":12},"end":{"line":25,"column":null}},"9":{"start":{"line":29,"column":8},"end":{"line":29,"column":null}},"10":{"start":{"line":39,"column":0},"end":{"line":51,"column":null}},"11":{"start":{"line":40,"column":36},"end":{"line":40,"column":null}},"12":{"start":{"line":41,"column":4},"end":{"line":41,"column":null}},"13":{"start":{"line":41,"column":25},"end":{"line":41,"column":null}},"14":{"start":{"line":42,"column":4},"end":{"line":42,"column":null}},"15":{"start":{"line":42,"column":26},"end":{"line":42,"column":null}},"16":{"start":{"line":44,"column":4},"end":{"line":50,"column":null}},"17":{"start":{"line":46,"column":8},"end":{"line":46,"column":null}},"18":{"start":{"line":49,"column":8},"end":{"line":49,"column":null}},"19":{"start":{"line":59,"column":0},"end":{"line":71,"column":null}},"20":{"start":{"line":60,"column":15},"end":{"line":60,"column":null}},"21":{"start":{"line":61,"column":4},"end":{"line":70,"column":null}},"22":{"start":{"line":63,"column":8},"end":{"line":65,"column":null}},"23":{"start":{"line":64,"column":12},"end":{"line":64,"column":null}},"24":{"start":{"line":66,"column":8},"end":{"line":66,"column":null}},"25":{"start":{"line":69,"column":8},"end":{"line":69,"column":null}},"26":{"start":{"line":80,"column":0},"end":{"line":98,"column":null}},"27":{"start":{"line":81,"column":15},"end":{"line":81,"column":null}},"28":{"start":{"line":82,"column":20},"end":{"line":82,"column":null}},"29":{"start":{"line":83,"column":27},"end":{"line":83,"column":null}},"30":{"start":{"line":84,"column":29},"end":{"line":84,"column":null}},"31":{"start":{"line":84,"column":55},"end":{"line":84,"column":86}},"32":{"start":{"line":85,"column":4},"end":{"line":87,"column":null}},"33":{"start":{"line":86,"column":8},"end":{"line":86,"column":null}},"34":{"start":{"line":88,"column":4},"end":{"line":97,"column":null}},"35":{"start":{"line":90,"column":8},"end":{"line":92,"column":null}},"36":{"start":{"line":91,"column":12},"end":{"line":91,"column":null}},"37":{"start":{"line":93,"column":8},"end":{"line":93,"column":null}},"38":{"start":{"line":96,"column":8},"end":{"line":96,"column":null}},"39":{"start":{"line":106,"column":0},"end":{"line":118,"column":null}},"40":{"start":{"line":107,"column":15},"end":{"line":107,"column":null}},"41":{"start":{"line":108,"column":4},"end":{"line":117,"column":null}},"42":{"start":{"line":110,"column":8},"end":{"line":112,"column":null}},"43":{"start":{"line":111,"column":12},"end":{"line":111,"column":null}},"44":{"start":{"line":113,"column":8},"end":{"line":113,"column":null}},"45":{"start":{"line":116,"column":8},"end":{"line":116,"column":null}}},"fnMap":{"0":{"name":"(anonymous_0)","decl":{"start":{"line":15,"column":26},"end":{"line":15,"column":27}},"loc":{"start":{"line":15,"column":40},"end":{"line":31,"column":1}},"line":15},"1":{"name":"(anonymous_1)","decl":{"start":{"line":18,"column":43},"end":{"line":18,"column":44}},"loc":{"start":{"line":18,"column":61},"end":{"line":27,"column":5}},"line":18},"2":{"name":"(anonymous_2)","decl":{"start":{"line":22,"column":25},"end":{"line":22,"column":26}},"loc":{"start":{"line":22,"column":35},"end":{"line":24,"column":9}},"line":22},"3":{"name":"(anonymous_3)","decl":{"start":{"line":24,"column":17},"end":{"line":24,"column":18}},"loc":{"start":{"line":24,"column":28},"end":{"line":26,"column":9}},"line":24},"4":{"name":"(anonymous_4)","decl":{"start":{"line":28,"column":11},"end":{"line":28,"column":12}},"loc":{"start":{"line":28,"column":22},"end":{"line":30,"column":5}},"line":28},"5":{"name":"(anonymous_5)","decl":{"start":{"line":39,"column":25},"end":{"line":39,"column":26}},"loc":{"start":{"line":39,"column":39},"end":{"line":51,"column":1}},"line":39},"6":{"name":"(anonymous_6)","decl":{"start":{"line":45,"column":10},"end":{"line":45,"column":11}},"loc":{"start":{"line":45,"column":21},"end":{"line":47,"column":5}},"line":45},"7":{"name":"(anonymous_7)","decl":{"start":{"line":48,"column":11},"end":{"line":48,"column":12}},"loc":{"start":{"line":48,"column":22},"end":{"line":50,"column":5}},"line":48},"8":{"name":"(anonymous_8)","decl":{"start":{"line":59,"column":29},"end":{"line":59,"column":30}},"loc":{"start":{"line":59,"column":43},"end":{"line":71,"column":1}},"line":59},"9":{"name":"(anonymous_9)","decl":{"start":{"line":62,"column":10},"end":{"line":62,"column":11}},"loc":{"start":{"line":62,"column":20},"end":{"line":67,"column":5}},"line":62},"10":{"name":"(anonymous_10)","decl":{"start":{"line":68,"column":11},"end":{"line":68,"column":12}},"loc":{"start":{"line":68,"column":22},"end":{"line":70,"column":5}},"line":68},"11":{"name":"(anonymous_11)","decl":{"start":{"line":80,"column":31},"end":{"line":80,"column":32}},"loc":{"start":{"line":80,"column":45},"end":{"line":98,"column":1}},"line":80},"12":{"name":"(anonymous_12)","decl":{"start":{"line":84,"column":43},"end":{"line":84,"column":44}},"loc":{"start":{"line":84,"column":55},"end":{"line":84,"column":86}},"line":84},"13":{"name":"(anonymous_13)","decl":{"start":{"line":89,"column":10},"end":{"line":89,"column":11}},"loc":{"start":{"line":89,"column":20},"end":{"line":94,"column":5}},"line":89},"14":{"name":"(anonymous_14)","decl":{"start":{"line":95,"column":11},"end":{"line":95,"column":12}},"loc":{"start":{"line":95,"column":22},"end":{"line":97,"column":5}},"line":95},"15":{"name":"(anonymous_15)","decl":{"start":{"line":106,"column":32},"end":{"line":106,"column":33}},"loc":{"start":{"line":106,"column":46},"end":{"line":118,"column":1}},"line":106},"16":{"name":"(anonymous_16)","decl":{"start":{"line":109,"column":10},"end":{"line":109,"column":11}},"loc":{"start":{"line":109,"column":20},"end":{"line":114,"column":5}},"line":109},"17":{"name":"(anonymous_17)","decl":{"start":{"line":115,"column":11},"end":{"line":115,"column":12}},"loc":{"start":{"line":115,"column":22},"end":{"line":117,"column":5}},"line":115}},"branchMap":{"0":{"loc":{"start":{"line":19,"column":8},"end":{"line":21,"column":null}},"type":"if","locations":[{"start":{"line":19,"column":8},"end":{"line":21,"column":null}},{"start":{},"end":{}}],"line":19},"1":{"loc":{"start":{"line":41,"column":4},"end":{"line":41,"column":null}},"type":"if","locations":[{"start":{"line":41,"column":4},"end":{"line":41,"column":null}},{"start":{},"end":{}}],"line":41},"2":{"loc":{"start":{"line":42,"column":4},"end":{"line":42,"column":null}},"type":"if","locations":[{"start":{"line":42,"column":4},"end":{"line":42,"column":null}},{"start":{},"end":{}}],"line":42},"3":{"loc":{"start":{"line":63,"column":8},"end":{"line":65,"column":null}},"type":"if","locations":[{"start":{"line":63,"column":8},"end":{"line":65,"column":null}},{"start":{},"end":{}}],"line":63},"4":{"loc":{"start":{"line":85,"column":4},"end":{"line":87,"column":null}},"type":"if","locations":[{"start":{"line":85,"column":4},"end":{"line":87,"column":null}},{"start":{},"end":{}}],"line":85},"5":{"loc":{"start":{"line":90,"column":8},"end":{"line":92,"column":null}},"type":"if","locations":[{"start":{"line":90,"column":8},"end":{"line":92,"column":null}},{"start":{},"end":{}}],"line":90},"6":{"loc":{"start":{"line":110,"column":8},"end":{"line":112,"column":null}},"type":"if","locations":[{"start":{"line":110,"column":8},"end":{"line":112,"column":null}},{"start":{},"end":{}}],"line":110}},"s":{"0":1,"1":1,"2":9,"3":9,"4":8,"5":1,"6":7,"7":2,"8":5,"9":1,"10":1,"11":5,"12":5,"13":3,"14":5,"15":2,"16":5,"17":4,"18":1,"19":1,"20":4,"21":4,"22":3,"23":2,"24":1,"25":1,"26":1,"27":4,"28":4,"29":4,"30":4,"31":8,"32":4,"33":1,"34":3,"35":2,"36":1,"37":1,"38":1,"39":1,"40":3,"41":3,"42":2,"43":1,"44":1,"45":1},"f":{"0":9,"1":8,"2":2,"3":5,"4":1,"5":5,"6":4,"7":1,"8":4,"9":3,"10":1,"11":4,"12":8,"13":2,"14":1,"15":3,"16":2,"17":1},"b":{"0":[1,7],"1":[3,2],"2":[2,3],"3":[2,1],"4":[1,3],"5":[1,1],"6":[1,1]},"meta":{"lastBranch":7,"lastFunction":18,"lastStatement":46,"seen":{"s:6:26:6:Infinity":0,"s:15:0:31:Infinity":1,"f:15:26:15:27":0,"s:16:17:16:Infinity":2,"s:18:4:30:Infinity":3,"f:18:43:18:44":1,"b:19:8:21:Infinity:undefined:undefined:undefined:undefined":0,"s:19:8:21:Infinity":4,"s:20:12:20:Infinity":5,"s:22:8:26:Infinity":6,"f:22:25:22:26":2,"s:23:12:23:Infinity":7,"f:24:17:24:18":3,"s:25:12:25:Infinity":8,"f:28:11:28:12":4,"s:29:8:29:Infinity":9,"s:39:0:51:Infinity":10,"f:39:25:39:26":5,"s:40:36:40:Infinity":11,"b:41:4:41:Infinity:undefined:undefined:undefined:undefined":1,"s:41:4:41:Infinity":12,"s:41:25:41:Infinity":13,"b:42:4:42:Infinity:undefined:undefined:undefined:undefined":2,"s:42:4:42:Infinity":14,"s:42:26:42:Infinity":15,"s:44:4:50:Infinity":16,"f:45:10:45:11":6,"s:46:8:46:Infinity":17,"f:48:11:48:12":7,"s:49:8:49:Infinity":18,"s:59:0:71:Infinity":19,"f:59:29:59:30":8,"s:60:15:60:Infinity":20,"s:61:4:70:Infinity":21,"f:62:10:62:11":9,"b:63:8:65:Infinity:undefined:undefined:undefined:undefined":3,"s:63:8:65:Infinity":22,"s:64:12:64:Infinity":23,"s:66:8:66:Infinity":24,"f:68:11:68:12":10,"s:69:8:69:Infinity":25,"s:80:0:98:Infinity":26,"f:80:31:80:32":11,"s:81:15:81:Infinity":27,"s:82:20:82:Infinity":28,"s:83:27:83:Infinity":29,"s:84:29:84:Infinity":30,"f:84:43:84:44":12,"s:84:55:84:86":31,"b:85:4:87:Infinity:undefined:undefined:undefined:undefined":4,"s:85:4:87:Infinity":32,"s:86:8:86:Infinity":33,"s:88:4:97:Infinity":34,"f:89:10:89:11":13,"b:90:8:92:Infinity:undefined:undefined:undefined:undefined":5,"s:90:8:92:Infinity":35,"s:91:12:91:Infinity":36,"s:93:8:93:Infinity":37,"f:95:11:95:12":14,"s:96:8:96:Infinity":38,"s:106:0:118:Infinity":39,"f:106:32:106:33":15,"s:107:15:107:Infinity":40,"s:108:4:117:Infinity":41,"f:109:10:109:11":16,"b:110:8:112:Infinity:undefined:undefined:undefined:undefined":6,"s:110:8:112:Infinity":42,"s:111:12:111:Infinity":43,"s:113:8:113:Infinity":44,"f:115:11:115:12":17,"s:116:8:116:Infinity":45}}}
,"/home/sofia/Escritorio/PRACTICAS-DSI/ULL-DSI-prct11-mongoose/src/EJERCICIO1/routes/default_route.ts": {"path":"/home/sofia/Escritorio/PRACTICAS-DSI/ULL-DSI-prct11-mongoose/src/EJERCICIO1/routes/default_route.ts","statementMap":{"0":{"start":{"line":3,"column":29},"end":{"line":3,"column":null}},"1":{"start":{"line":5,"column":0},"end":{"line":7,"column":null}},"2":{"start":{"line":6,"column":2},"end":{"line":6,"column":null}}},"fnMap":{"0":{"name":"(anonymous_0)","decl":{"start":{"line":5,"column":31},"end":{"line":5,"column":32}},"loc":{"start":{"line":5,"column":43},"end":{"line":7,"column":1}},"line":5}},"branchMap":{},"s":{"0":1,"1":1,"2":1},"f":{"0":1},"b":{},"meta":{"lastBranch":0,"lastFunction":1,"lastStatement":3,"seen":{"s:3:29:3:Infinity":0,"s:5:0:7:Infinity":1,"f:5:31:5:32":0,"s:6:2:6:Infinity":2}}}
}
