{"/home/alumnos.ull.es/d9/alu0101637051/ULL-DSI-prct12-apiRest/src/app.ts": {"path":"/home/alumnos.ull.es/d9/alu0101637051/ULL-DSI-prct12-apiRest/src/app.ts","statementMap":{"0":{"start":{"line":5,"column":13},"end":{"line":5,"column":28}},"1":{"start":{"line":7,"column":0},"end":{"line":7,"column":null}},"2":{"start":{"line":8,"column":0},"end":{"line":8,"column":null}}},"fnMap":{},"branchMap":{},"s":{"0":1,"1":1,"2":1},"f":{},"b":{},"meta":{"lastBranch":0,"lastFunction":0,"lastStatement":3,"seen":{"s:5:13:5:28":0,"s:7:0:7:Infinity":1,"s:8:0:8:Infinity":2}}}
,"/home/alumnos.ull.es/d9/alu0101637051/ULL-DSI-prct12-apiRest/src/index.ts": {"path":"/home/alumnos.ull.es/d9/alu0101637051/ULL-DSI-prct12-apiRest/src/index.ts","statementMap":{"0":{"start":{"line":14,"column":15},"end":{"line":14,"column":null}},"1":{"start":{"line":15,"column":2},"end":{"line":16,"column":null}},"2":{"start":{"line":16,"column":4},"end":{"line":16,"column":null}},"3":{"start":{"line":16,"column":57},"end":{"line":16,"column":72}},"4":{"start":{"line":18,"column":2},"end":{"line":18,"column":null}}},"fnMap":{"0":{"name":"add","decl":{"start":{"line":13,"column":16},"end":{"line":13,"column":20}},"loc":{"start":{"line":13,"column":94},"end":{"line":18,"column":null}},"line":13},"1":{"name":"(anonymous_1)","decl":{"start":{"line":16,"column":31},"end":{"line":16,"column":39}},"loc":{"start":{"line":16,"column":57},"end":{"line":16,"column":72}},"line":16}},"branchMap":{"0":{"loc":{"start":{"line":15,"column":2},"end":{"line":16,"column":null}},"type":"if","locations":[{"start":{"line":15,"column":2},"end":{"line":16,"column":null}},{"start":{},"end":{}}],"line":15}},"s":{"0":3,"1":3,"2":1,"3":2,"4":3},"f":{"0":3,"1":2},"b":{"0":[1,2]},"meta":{"lastBranch":1,"lastFunction":2,"lastStatement":5,"seen":{"f:13:16:13:20":0,"s:14:15:14:Infinity":0,"b:15:2:16:Infinity:undefined:undefined:undefined:undefined":0,"s:15:2:16:Infinity":1,"s:16:4:16:Infinity":2,"f:16:31:16:39":1,"s:16:57:16:72":3,"s:18:2:18:Infinity":4}}}
,"/home/alumnos.ull.es/d9/alu0101637051/ULL-DSI-prct12-apiRest/src/EJERCICIO-PE/db/mongoose.ts": {"path":"/home/alumnos.ull.es/d9/alu0101637051/ULL-DSI-prct12-apiRest/src/EJERCICIO-PE/db/mongoose.ts","statementMap":{"0":{"start":{"line":3,"column":0},"end":{"line":7,"column":null}},"1":{"start":{"line":4,"column":2},"end":{"line":4,"column":null}},"2":{"start":{"line":6,"column":2},"end":{"line":6,"column":null}}},"fnMap":{"0":{"name":"(anonymous_0)","decl":{"start":{"line":3,"column":47},"end":{"line":3,"column":58}},"loc":{"start":{"line":3,"column":58},"end":{"line":5,"column":3}},"line":3},"1":{"name":"(anonymous_1)","decl":{"start":{"line":5,"column":3},"end":{"line":5,"column":15}},"loc":{"start":{"line":5,"column":15},"end":{"line":7,"column":null}},"line":5}},"branchMap":{},"s":{"0":1,"1":1,"2":0},"f":{"0":1,"1":0},"b":{},"meta":{"lastBranch":0,"lastFunction":2,"lastStatement":3,"seen":{"s:3:0:7:Infinity":0,"f:3:47:3:58":0,"s:4:2:4:Infinity":1,"f:5:3:5:15":1,"s:6:2:6:Infinity":2}}}
,"/home/alumnos.ull.es/d9/alu0101637051/ULL-DSI-prct12-apiRest/src/EJERCICIO-PE/functions/createGame.ts": {"path":"/home/alumnos.ull.es/d9/alu0101637051/ULL-DSI-prct12-apiRest/src/EJERCICIO-PE/functions/createGame.ts","statementMap":{"0":{"start":{"line":11,"column":21},"end":{"line":11,"column":39}},"1":{"start":{"line":12,"column":4},"end":{"line":16,"column":null}},"2":{"start":{"line":13,"column":27},"end":{"line":13,"column":48}},"3":{"start":{"line":14,"column":8},"end":{"line":14,"column":null}},"4":{"start":{"line":16,"column":8},"end":{"line":16,"column":null}}},"fnMap":{"0":{"name":"createVideogame","decl":{"start":{"line":10,"column":22},"end":{"line":10,"column":38}},"loc":{"start":{"line":10,"column":67},"end":{"line":16,"column":null}},"line":10}},"branchMap":{},"s":{"0":1,"1":1,"2":1,"3":1,"4":0},"f":{"0":1},"b":{},"meta":{"lastBranch":0,"lastFunction":1,"lastStatement":5,"seen":{"f:10:22:10:38":0,"s:11:21:11:39":0,"s:12:4:16:Infinity":1,"s:13:27:13:48":2,"s:14:8:14:Infinity":3,"s:16:8:16:Infinity":4}}}
,"/home/alumnos.ull.es/d9/alu0101637051/ULL-DSI-prct12-apiRest/src/EJERCICIO-PE/functions/deleteGame.ts": {"path":"/home/alumnos.ull.es/d9/alu0101637051/ULL-DSI-prct12-apiRest/src/EJERCICIO-PE/functions/deleteGame.ts","statementMap":{"0":{"start":{"line":11,"column":4},"end":{"line":22,"column":null}},"1":{"start":{"line":12,"column":19},"end":{"line":12,"column":null}},"2":{"start":{"line":13,"column":25},"end":{"line":13,"column":57}},"3":{"start":{"line":14,"column":8},"end":{"line":18,"column":null}},"4":{"start":{"line":15,"column":12},"end":{"line":15,"column":null}},"5":{"start":{"line":18,"column":12},"end":{"line":18,"column":null}},"6":{"start":{"line":22,"column":8},"end":{"line":22,"column":null}}},"fnMap":{"0":{"name":"deleteGame","decl":{"start":{"line":10,"column":22},"end":{"line":10,"column":33}},"loc":{"start":{"line":10,"column":62},"end":{"line":22,"column":null}},"line":10}},"branchMap":{"0":{"loc":{"start":{"line":14,"column":8},"end":{"line":18,"column":null}},"type":"if","locations":[{"start":{"line":14,"column":8},"end":{"line":18,"column":null}},{"start":{"line":17,"column":13},"end":{"line":18,"column":null}}],"line":14}},"s":{"0":2,"1":2,"2":2,"3":2,"4":1,"5":1,"6":0},"f":{"0":2},"b":{"0":[1,1]},"meta":{"lastBranch":1,"lastFunction":1,"lastStatement":7,"seen":{"f:10:22:10:33":0,"s:11:4:22:Infinity":0,"s:12:19:12:Infinity":1,"s:13:25:13:57":2,"b:14:8:18:Infinity:17:13:18:Infinity":0,"s:14:8:18:Infinity":3,"s:15:12:15:Infinity":4,"s:18:12:18:Infinity":5,"s:22:8:22:Infinity":6}}}
,"/home/alumnos.ull.es/d9/alu0101637051/ULL-DSI-prct12-apiRest/src/EJERCICIO-PE/functions/getGameById.ts": {"path":"/home/alumnos.ull.es/d9/alu0101637051/ULL-DSI-prct12-apiRest/src/EJERCICIO-PE/functions/getGameById.ts","statementMap":{"0":{"start":{"line":11,"column":4},"end":{"line":21,"column":null}},"1":{"start":{"line":12,"column":19},"end":{"line":12,"column":null}},"2":{"start":{"line":13,"column":21},"end":{"line":13,"column":44}},"3":{"start":{"line":14,"column":8},"end":{"line":18,"column":null}},"4":{"start":{"line":15,"column":12},"end":{"line":15,"column":null}},"5":{"start":{"line":18,"column":12},"end":{"line":18,"column":null}},"6":{"start":{"line":21,"column":8},"end":{"line":21,"column":null}}},"fnMap":{"0":{"name":"getGameById","decl":{"start":{"line":10,"column":22},"end":{"line":10,"column":34}},"loc":{"start":{"line":10,"column":63},"end":{"line":21,"column":null}},"line":10}},"branchMap":{"0":{"loc":{"start":{"line":14,"column":8},"end":{"line":18,"column":null}},"type":"if","locations":[{"start":{"line":14,"column":8},"end":{"line":18,"column":null}},{"start":{"line":17,"column":13},"end":{"line":18,"column":null}}],"line":14}},"s":{"0":2,"1":2,"2":2,"3":2,"4":1,"5":1,"6":0},"f":{"0":2},"b":{"0":[1,1]},"meta":{"lastBranch":1,"lastFunction":1,"lastStatement":7,"seen":{"f:10:22:10:34":0,"s:11:4:21:Infinity":0,"s:12:19:12:Infinity":1,"s:13:21:13:44":2,"b:14:8:18:Infinity:17:13:18:Infinity":0,"s:14:8:18:Infinity":3,"s:15:12:15:Infinity":4,"s:18:12:18:Infinity":5,"s:21:8:21:Infinity":6}}}
,"/home/alumnos.ull.es/d9/alu0101637051/ULL-DSI-prct12-apiRest/src/EJERCICIO-PE/functions/getgames.ts": {"path":"/home/alumnos.ull.es/d9/alu0101637051/ULL-DSI-prct12-apiRest/src/EJERCICIO-PE/functions/getgames.ts","statementMap":{"0":{"start":{"line":13,"column":4},"end":{"line":34,"column":null}},"1":{"start":{"line":14,"column":28},"end":{"line":14,"column":30}},"2":{"start":{"line":16,"column":48},"end":{"line":16,"column":null}},"3":{"start":{"line":18,"column":8},"end":{"line":18,"column":null}},"4":{"start":{"line":18,"column":23},"end":{"line":18,"column":null}},"5":{"start":{"line":19,"column":8},"end":{"line":19,"column":null}},"6":{"start":{"line":19,"column":19},"end":{"line":19,"column":null}},"7":{"start":{"line":20,"column":8},"end":{"line":20,"column":null}},"8":{"start":{"line":20,"column":25},"end":{"line":20,"column":null}},"9":{"start":{"line":22,"column":8},"end":{"line":23,"column":null}},"10":{"start":{"line":23,"column":12},"end":{"line":23,"column":null}},"11":{"start":{"line":26,"column":22},"end":{"line":26,"column":48}},"12":{"start":{"line":27,"column":8},"end":{"line":31,"column":null}},"13":{"start":{"line":28,"column":12},"end":{"line":28,"column":null}},"14":{"start":{"line":31,"column":12},"end":{"line":31,"column":null}},"15":{"start":{"line":34,"column":8},"end":{"line":34,"column":null}}},"fnMap":{"0":{"name":"getVideogames","decl":{"start":{"line":12,"column":22},"end":{"line":12,"column":36}},"loc":{"start":{"line":12,"column":64},"end":{"line":34,"column":null}},"line":12}},"branchMap":{"0":{"loc":{"start":{"line":18,"column":8},"end":{"line":18,"column":null}},"type":"if","locations":[{"start":{"line":18,"column":8},"end":{"line":18,"column":null}},{"start":{},"end":{}}],"line":18},"1":{"loc":{"start":{"line":19,"column":8},"end":{"line":19,"column":null}},"type":"if","locations":[{"start":{"line":19,"column":8},"end":{"line":19,"column":null}},{"start":{},"end":{}}],"line":19},"2":{"loc":{"start":{"line":20,"column":8},"end":{"line":20,"column":null}},"type":"if","locations":[{"start":{"line":20,"column":8},"end":{"line":20,"column":null}},{"start":{},"end":{}}],"line":20},"3":{"loc":{"start":{"line":22,"column":8},"end":{"line":23,"column":null}},"type":"if","locations":[{"start":{"line":22,"column":8},"end":{"line":23,"column":null}},{"start":{},"end":{}}],"line":22},"4":{"loc":{"start":{"line":27,"column":8},"end":{"line":31,"column":null}},"type":"if","locations":[{"start":{"line":27,"column":8},"end":{"line":31,"column":null}},{"start":{"line":30,"column":13},"end":{"line":31,"column":null}}],"line":27}},"s":{"0":2,"1":2,"2":2,"3":2,"4":0,"5":2,"6":0,"7":2,"8":1,"9":2,"10":1,"11":1,"12":1,"13":0,"14":1,"15":0},"f":{"0":2},"b":{"0":[0,2],"1":[0,2],"2":[1,1],"3":[1,1],"4":[0,1]},"meta":{"lastBranch":5,"lastFunction":1,"lastStatement":16,"seen":{"f:12:22:12:36":0,"s:13:4:34:Infinity":0,"s:14:28:14:30":1,"s:16:48:16:Infinity":2,"b:18:8:18:Infinity:undefined:undefined:undefined:undefined":0,"s:18:8:18:Infinity":3,"s:18:23:18:Infinity":4,"b:19:8:19:Infinity:undefined:undefined:undefined:undefined":1,"s:19:8:19:Infinity":5,"s:19:19:19:Infinity":6,"b:20:8:20:Infinity:undefined:undefined:undefined:undefined":2,"s:20:8:20:Infinity":7,"s:20:25:20:Infinity":8,"b:22:8:23:Infinity:undefined:undefined:undefined:undefined":3,"s:22:8:23:Infinity":9,"s:23:12:23:Infinity":10,"s:26:22:26:48":11,"b:27:8:31:Infinity:30:13:31:Infinity":4,"s:27:8:31:Infinity":12,"s:28:12:28:Infinity":13,"s:31:12:31:Infinity":14,"s:34:8:34:Infinity":15}}}
,"/home/alumnos.ull.es/d9/alu0101637051/ULL-DSI-prct12-apiRest/src/EJERCICIO-PE/functions/updateGame.ts": {"path":"/home/alumnos.ull.es/d9/alu0101637051/ULL-DSI-prct12-apiRest/src/EJERCICIO-PE/functions/updateGame.ts","statementMap":{"0":{"start":{"line":6,"column":4},"end":{"line":23,"column":null}},"1":{"start":{"line":7,"column":21},"end":{"line":7,"column":55}},"2":{"start":{"line":8,"column":8},"end":{"line":17,"column":null}},"3":{"start":{"line":9,"column":12},"end":{"line":9,"column":null}},"4":{"start":{"line":12,"column":31},"end":{"line":12,"column":121}},"5":{"start":{"line":13,"column":12},"end":{"line":17,"column":null}},"6":{"start":{"line":14,"column":16},"end":{"line":14,"column":null}},"7":{"start":{"line":17,"column":16},"end":{"line":17,"column":null}},"8":{"start":{"line":23,"column":8},"end":{"line":23,"column":null}}},"fnMap":{"0":{"name":"updateVideogame","decl":{"start":{"line":5,"column":22},"end":{"line":5,"column":38}},"loc":{"start":{"line":5,"column":66},"end":{"line":23,"column":null}},"line":5}},"branchMap":{"0":{"loc":{"start":{"line":8,"column":8},"end":{"line":17,"column":null}},"type":"if","locations":[{"start":{"line":8,"column":8},"end":{"line":17,"column":null}},{"start":{"line":11,"column":13},"end":{"line":17,"column":null}}],"line":8},"1":{"loc":{"start":{"line":13,"column":12},"end":{"line":17,"column":null}},"type":"if","locations":[{"start":{"line":13,"column":12},"end":{"line":17,"column":null}},{"start":{"line":16,"column":17},"end":{"line":17,"column":null}}],"line":13}},"s":{"0":2,"1":2,"2":1,"3":0,"4":1,"5":1,"6":0,"7":1,"8":1},"f":{"0":2},"b":{"0":[0,1],"1":[0,1]},"meta":{"lastBranch":2,"lastFunction":1,"lastStatement":9,"seen":{"f:5:22:5:38":0,"s:6:4:23:Infinity":0,"s:7:21:7:55":1,"b:8:8:17:Infinity:11:13:17:Infinity":0,"s:8:8:17:Infinity":2,"s:9:12:9:Infinity":3,"s:12:31:12:121":4,"b:13:12:17:Infinity:16:17:17:Infinity":1,"s:13:12:17:Infinity":5,"s:14:16:14:Infinity":6,"s:17:16:17:Infinity":7,"s:23:8:23:Infinity":8}}}
,"/home/alumnos.ull.es/d9/alu0101637051/ULL-DSI-prct12-apiRest/src/EJERCICIO-PE/models/game_model.ts": {"path":"/home/alumnos.ull.es/d9/alu0101637051/ULL-DSI-prct12-apiRest/src/EJERCICIO-PE/models/game_model.ts","statementMap":{"0":{"start":{"line":20,"column":19},"end":{"line":93,"column":2}},"1":{"start":{"line":39,"column":12},"end":{"line":40,"column":null}},"2":{"start":{"line":40,"column":16},"end":{"line":40,"column":null}},"3":{"start":{"line":49,"column":12},"end":{"line":50,"column":null}},"4":{"start":{"line":50,"column":16},"end":{"line":50,"column":null}},"5":{"start":{"line":62,"column":12},"end":{"line":63,"column":null}},"6":{"start":{"line":63,"column":16},"end":{"line":63,"column":null}},"7":{"start":{"line":70,"column":12},"end":{"line":71,"column":null}},"8":{"start":{"line":71,"column":16},"end":{"line":71,"column":null}},"9":{"start":{"line":87,"column":16},"end":{"line":88,"column":null}},"10":{"start":{"line":88,"column":20},"end":{"line":88,"column":null}},"11":{"start":{"line":95,"column":13},"end":{"line":95,"column":68}}},"fnMap":{"0":{"name":"(anonymous_0)","decl":{"start":{"line":38,"column":8},"end":{"line":38,"column":19}},"loc":{"start":{"line":38,"column":39},"end":{"line":40,"column":null}},"line":38},"1":{"name":"(anonymous_1)","decl":{"start":{"line":48,"column":8},"end":{"line":48,"column":19}},"loc":{"start":{"line":48,"column":39},"end":{"line":50,"column":null}},"line":48},"2":{"name":"(anonymous_2)","decl":{"start":{"line":61,"column":8},"end":{"line":61,"column":19}},"loc":{"start":{"line":61,"column":37},"end":{"line":63,"column":null}},"line":61},"3":{"name":"(anonymous_3)","decl":{"start":{"line":69,"column":8},"end":{"line":69,"column":19}},"loc":{"start":{"line":69,"column":37},"end":{"line":71,"column":null}},"line":69},"4":{"name":"(anonymous_4)","decl":{"start":{"line":86,"column":12},"end":{"line":86,"column":23}},"loc":{"start":{"line":86,"column":41},"end":{"line":88,"column":null}},"line":86}},"branchMap":{"0":{"loc":{"start":{"line":39,"column":12},"end":{"line":40,"column":null}},"type":"if","locations":[{"start":{"line":39,"column":12},"end":{"line":40,"column":null}},{"start":{},"end":{}}],"line":39},"1":{"loc":{"start":{"line":49,"column":12},"end":{"line":50,"column":null}},"type":"if","locations":[{"start":{"line":49,"column":12},"end":{"line":50,"column":null}},{"start":{},"end":{}}],"line":49},"2":{"loc":{"start":{"line":62,"column":12},"end":{"line":63,"column":null}},"type":"if","locations":[{"start":{"line":62,"column":12},"end":{"line":63,"column":null}},{"start":{},"end":{}}],"line":62},"3":{"loc":{"start":{"line":70,"column":12},"end":{"line":71,"column":null}},"type":"if","locations":[{"start":{"line":70,"column":12},"end":{"line":71,"column":null}},{"start":{},"end":{}}],"line":70},"4":{"loc":{"start":{"line":70,"column":16},"end":{"line":70,"column":42}},"type":"binary-expr","locations":[{"start":{"line":70,"column":16},"end":{"line":70,"column":29}},{"start":{"line":70,"column":29},"end":{"line":70,"column":42}}],"line":70},"5":{"loc":{"start":{"line":87,"column":16},"end":{"line":88,"column":null}},"type":"if","locations":[{"start":{"line":87,"column":16},"end":{"line":88,"column":null}},{"start":{},"end":{}}],"line":87}},"s":{"0":1,"1":11,"2":0,"3":11,"4":0,"5":11,"6":0,"7":11,"8":0,"9":10,"10":0,"11":1},"f":{"0":11,"1":11,"2":11,"3":11,"4":10},"b":{"0":[0,11],"1":[0,11],"2":[0,11],"3":[0,11],"4":[11,11],"5":[0,10]},"meta":{"lastBranch":6,"lastFunction":5,"lastStatement":12,"seen":{"s:20:19:93:2":0,"f:38:8:38:19":0,"b:39:12:40:Infinity:undefined:undefined:undefined:undefined":0,"s:39:12:40:Infinity":1,"s:40:16:40:Infinity":2,"f:48:8:48:19":1,"b:49:12:50:Infinity:undefined:undefined:undefined:undefined":1,"s:49:12:50:Infinity":3,"s:50:16:50:Infinity":4,"f:61:8:61:19":2,"b:62:12:63:Infinity:undefined:undefined:undefined:undefined":2,"s:62:12:63:Infinity":5,"s:63:16:63:Infinity":6,"f:69:8:69:19":3,"b:70:12:71:Infinity:undefined:undefined:undefined:undefined":3,"s:70:12:71:Infinity":7,"b:70:16:70:29:70:29:70:42":4,"s:71:16:71:Infinity":8,"f:86:12:86:23":4,"b:87:16:88:Infinity:undefined:undefined:undefined:undefined":5,"s:87:16:88:Infinity":9,"s:88:20:88:Infinity":10,"s:95:13:95:68":11}}}
,"/home/alumnos.ull.es/d9/alu0101637051/ULL-DSI-prct12-apiRest/src/EJERCICIO-PE/routes/gameRoute.ts": {"path":"/home/alumnos.ull.es/d9/alu0101637051/ULL-DSI-prct12-apiRest/src/EJERCICIO-PE/routes/gameRoute.ts","statementMap":{"0":{"start":{"line":9,"column":26},"end":{"line":9,"column":42}},"1":{"start":{"line":11,"column":0},"end":{"line":11,"column":null}},"2":{"start":{"line":13,"column":0},"end":{"line":13,"column":null}},"3":{"start":{"line":15,"column":0},"end":{"line":15,"column":null}},"4":{"start":{"line":17,"column":0},"end":{"line":17,"column":null}},"5":{"start":{"line":19,"column":0},"end":{"line":19,"column":null}}},"fnMap":{},"branchMap":{},"s":{"0":1,"1":1,"2":1,"3":1,"4":1,"5":1},"f":{},"b":{},"meta":{"lastBranch":0,"lastFunction":0,"lastStatement":6,"seen":{"s:9:26:9:42":0,"s:11:0:11:Infinity":1,"s:13:0:13:Infinity":2,"s:15:0:15:Infinity":3,"s:17:0:17:Infinity":4,"s:19:0:19:Infinity":5}}}
}
